Using pre-set license
Built from '2022.3/release' branch; Version is '2022.3.5f1 (9674261d40ee) revision 9860134'; Using compiler version '192829333'; Build Type 'Release'
OS: 'Windows 10  (10.0.19045) 64bit Professional' Language: 'uk' Physical Memory: 16312 MB
BatchMode: 1, IsHumanControllingUs: 0, StartBugReporterOnCrash: 0, Is64bit: 1, IsPro: 1

COMMAND LINE ARGUMENTS:
C:\Program Files\Unity\Hub\Editor\2022.3.5f1\Editor\Unity.exe
-adb2
-batchMode
-noUpm
-name
AssetImportWorker0
-projectPath
C:/Users/kibir/Documents/PlatformerTR/PlatformerTR
-logFile
Logs/AssetImportWorker0.log
-srvPort
64879
Successfully changed project path to: C:/Users/kibir/Documents/PlatformerTR/PlatformerTR
C:/Users/kibir/Documents/PlatformerTR/PlatformerTR
[UnityMemory] Configuration Parameters - Can be set up in boot.config
    "memorysetup-bucket-allocator-granularity=16"
    "memorysetup-bucket-allocator-bucket-count=8"
    "memorysetup-bucket-allocator-block-size=33554432"
    "memorysetup-bucket-allocator-block-count=8"
    "memorysetup-main-allocator-block-size=16777216"
    "memorysetup-thread-allocator-block-size=16777216"
    "memorysetup-gfx-main-allocator-block-size=16777216"
    "memorysetup-gfx-thread-allocator-block-size=16777216"
    "memorysetup-cache-allocator-block-size=4194304"
    "memorysetup-typetree-allocator-block-size=2097152"
    "memorysetup-profiler-bucket-allocator-granularity=16"
    "memorysetup-profiler-bucket-allocator-bucket-count=8"
    "memorysetup-profiler-bucket-allocator-block-size=33554432"
    "memorysetup-profiler-bucket-allocator-block-count=8"
    "memorysetup-profiler-allocator-block-size=16777216"
    "memorysetup-profiler-editor-allocator-block-size=1048576"
    "memorysetup-temp-allocator-size-main=16777216"
    "memorysetup-job-temp-allocator-block-size=2097152"
    "memorysetup-job-temp-allocator-block-size-background=1048576"
    "memorysetup-job-temp-allocator-reduction-small-platforms=262144"
    "memorysetup-allocator-temp-initial-block-size-main=262144"
    "memorysetup-allocator-temp-initial-block-size-worker=262144"
    "memorysetup-temp-allocator-size-background-worker=32768"
    "memorysetup-temp-allocator-size-job-worker=262144"
    "memorysetup-temp-allocator-size-preload-manager=33554432"
    "memorysetup-temp-allocator-size-nav-mesh-worker=65536"
    "memorysetup-temp-allocator-size-audio-worker=65536"
    "memorysetup-temp-allocator-size-cloud-worker=32768"
    "memorysetup-temp-allocator-size-gi-baking-worker=262144"
    "memorysetup-temp-allocator-size-gfx=262144"
Player connection [9756] Host "[IP] 192.168.0.103 [Port] 0 [Flags] 2 [Guid] 1040047651 [EditorId] 1040047651 [Version] 1048832 [Id] WindowsEditor(7,DESKTOP-OBQJC90) [Debug] 1 [PackageName] WindowsEditor [ProjectName] Editor" joined multi-casting on [225.0.0.222:54997]...

Player connection [9756] Host "[IP] 192.168.0.103 [Port] 0 [Flags] 2 [Guid] 1040047651 [EditorId] 1040047651 [Version] 1048832 [Id] WindowsEditor(7,DESKTOP-OBQJC90) [Debug] 1 [PackageName] WindowsEditor [ProjectName] Editor" joined alternative multi-casting on [225.0.0.222:34997]...

Refreshing native plugins compatible for Editor in 16.84 ms, found 4 plugins.
Preloading 0 native plugins for Editor in 0.00 ms.
Initialize engine version: 2022.3.5f1 (9674261d40ee)
[Subsystems] Discovering subsystems at path C:/Program Files/Unity/Hub/Editor/2022.3.5f1/Editor/Data/Resources/UnitySubsystems
[Subsystems] Discovering subsystems at path C:/Users/kibir/Documents/PlatformerTR/PlatformerTR/Assets
GfxDevice: creating device client; threaded=0; jobified=0
Direct3D:
    Version:  Direct3D 11.0 [level 11.1]
    Renderer: NVIDIA GeForce RTX 3060 Ti (ID=0x2489)
    Vendor:   NVIDIA
    VRAM:     8038 MB
    Driver:   31.0.15.4633
Initialize mono
Mono path[0] = 'C:/Program Files/Unity/Hub/Editor/2022.3.5f1/Editor/Data/Managed'
Mono path[1] = 'C:/Program Files/Unity/Hub/Editor/2022.3.5f1/Editor/Data/MonoBleedingEdge/lib/mono/unityjit-win32'
Mono config path = 'C:/Program Files/Unity/Hub/Editor/2022.3.5f1/Editor/Data/MonoBleedingEdge/etc'
Using monoOptions --debugger-agent=transport=dt_socket,embedding=1,server=y,suspend=n,address=127.0.0.1:56260
Begin MonoManager ReloadAssembly
Registering precompiled unity dll's ...
Register platform support module: C:/Program Files/Unity/Hub/Editor/2022.3.5f1/Editor/Data/PlaybackEngines/AndroidPlayer/UnityEditor.Android.Extensions.dll
Register platform support module: C:/Program Files/Unity/Hub/Editor/2022.3.5f1/Editor/Data/PlaybackEngines/WindowsStandaloneSupport/UnityEditor.WindowsStandalone.Extensions.dll
Registered in 0.019980 seconds.
- Loaded All Assemblies, in  0.500 seconds
Native extension for WindowsStandalone target not found
Native extension for Android target not found
Android Extension - Scanning For ADB Devices 333 ms
Mono: successfully reloaded assembly
- Finished resetting the current domain, in  0.778 seconds
Domain Reload Profiling: 1276ms
	BeginReloadAssembly (132ms)
		ExecutionOrderSort (0ms)
		DisableScriptedObjects (0ms)
		BackupInstance (0ms)
		ReleaseScriptingObjects (0ms)
		CreateAndSetChildDomain (1ms)
	RebuildCommonClasses (53ms)
	RebuildNativeTypeToScriptingClass (19ms)
	initialDomainReloadingComplete (94ms)
	LoadAllAssembliesAndSetupDomain (199ms)
		LoadAssemblies (129ms)
		RebuildTransferFunctionScriptingTraits (0ms)
		AnalyzeDomain (189ms)
			TypeCache.Refresh (188ms)
				TypeCache.ScanAssembly (174ms)
			ScanForSourceGeneratedMonoScriptInfo (1ms)
			ResolveRequiredComponents (1ms)
	FinalizeReload (778ms)
		ReleaseScriptCaches (0ms)
		RebuildScriptCaches (0ms)
		SetupLoadedEditorAssemblies (704ms)
			LogAssemblyErrors (0ms)
			InitializePlatformSupportModulesInManaged (502ms)
			SetLoadedEditorAssemblies (5ms)
			RefreshPlugins (0ms)
			BeforeProcessingInitializeOnLoad (3ms)
			ProcessInitializeOnLoadAttributes (131ms)
			ProcessInitializeOnLoadMethodAttributes (63ms)
			AfterProcessingInitializeOnLoad (0ms)
			EditorAssembliesLoaded (0ms)
		ExecutionOrderSort2 (0ms)
		AwakeInstancesAfterBackupRestoration (0ms)
========================================================================
Worker process is ready to serve import requests
Begin MonoManager ReloadAssembly
Symbol file LoadedFromMemory doesn't match image C:\Users\kibir\Documents\PlatformerTR\PlatformerTR\Library\PackageCache\com.unity.visualscripting@1.8.0\Editor\VisualScripting.Core\Dependencies\YamlDotNet\Unity.VisualScripting.YamlDotNet.dll
Symbol file LoadedFromMemory doesn't match image C:\Users\kibir\Documents\PlatformerTR\PlatformerTR\Library\PackageCache\com.unity.visualscripting@1.8.0\Editor\VisualScripting.Core\Dependencies\DotNetZip\Unity.VisualScripting.IonicZip.dll
- Loaded All Assemblies, in  1.055 seconds
Refreshing native plugins compatible for Editor in 6.44 ms, found 4 plugins.
Native extension for WindowsStandalone target not found
Native extension for Android target not found
Package Manager log level set to [2]
[Package Manager] Server::EnsureServerProcessIsRunning -- launch failed, reason: Unity was launched with the -noUpm command-line argument
[Package Manager] UpmClient::Send -- Unable to send message (not connected to UPM process).
[Package Manager] Cannot connect to Unity Package Manager local server
Mono: successfully reloaded assembly
- Finished resetting the current domain, in  0.961 seconds
Domain Reload Profiling: 2009ms
	BeginReloadAssembly (158ms)
		ExecutionOrderSort (0ms)
		DisableScriptedObjects (7ms)
		BackupInstance (0ms)
		ReleaseScriptingObjects (0ms)
		CreateAndSetChildDomain (21ms)
	RebuildCommonClasses (42ms)
	RebuildNativeTypeToScriptingClass (15ms)
	initialDomainReloadingComplete (64ms)
	LoadAllAssembliesAndSetupDomain (769ms)
		LoadAssemblies (391ms)
		RebuildTransferFunctionScriptingTraits (0ms)
		AnalyzeDomain (453ms)
			TypeCache.Refresh (403ms)
				TypeCache.ScanAssembly (387ms)
			ScanForSourceGeneratedMonoScriptInfo (37ms)
			ResolveRequiredComponents (13ms)
	FinalizeReload (962ms)
		ReleaseScriptCaches (0ms)
		RebuildScriptCaches (0ms)
		SetupLoadedEditorAssemblies (738ms)
			LogAssemblyErrors (0ms)
			InitializePlatformSupportModulesInManaged (32ms)
			SetLoadedEditorAssemblies (4ms)
			RefreshPlugins (0ms)
			BeforeProcessingInitializeOnLoad (121ms)
			ProcessInitializeOnLoadAttributes (454ms)
			ProcessInitializeOnLoadMethodAttributes (114ms)
			AfterProcessingInitializeOnLoad (12ms)
			EditorAssembliesLoaded (0ms)
		ExecutionOrderSort2 (0ms)
		AwakeInstancesAfterBackupRestoration (7ms)
Launched and connected shader compiler UnityShaderCompiler.exe after 0.05 seconds
Refreshing native plugins compatible for Editor in 6.85 ms, found 4 plugins.
Preloading 0 native plugins for Editor in 0.00 ms.
Unloading 6483 Unused Serialized files (Serialized files now loaded: 0)
Unloading 103 unused Assets / (86.0 MB). Loaded Objects now: 6944.
Memory consumption went from 246.0 MB to 160.1 MB.
Total: 10.065700 ms (FindLiveObjects: 0.648400 ms CreateObjectMapping: 0.266100 ms MarkObjects: 8.542200 ms  DeleteObjects: 0.607200 ms)

AssetImportParameters requested are different than current active one (requested -> active):
  custom:container-demuxer-ogg: 62fdf1f143b41e24485cea50d1cbac27 -> 
  custom:video-decoder-ogg-theora: a1e56fd34408186e4bbccfd4996cb3dc -> 
  custom:framework-win-MediaFoundation: 216162199b28c13a410421893ffa2e32 -> 
  custom:CustomObjectIndexerAttribute: a3ef5dd2817f97addfee359851a9dba5 -> 
  custom:container-demuxer-webm: 4f35f7cbe854078d1ac9338744f61a02 -> 
  custom:container-muxer-webm: aa71ff27fc2769a1b78a27578f13a17b -> 
  custom:video-decoder-webm-vp8: 9c59270c3fd7afecdb556c50c9e8de78 -> 
  custom:AudioImporter_EditorPlatform: d09bf68614088b80899f8185d706f6e7 -> 
  custom:video-encoder-webm-vp8: eb34c28f22e8b96e1ab97ce403110664 -> 
  custom:audio-decoder-ogg-vorbis: bf7c407c2cedff20999df2af8eb42d56 -> 
  custom:audio-encoder-webm-vorbis: bf7c407c2cedff20999df2af8eb42d56 -> 
========================================================================
Received Import Request.
  Time since last request: 489340.434962 seconds.
  path: Assets/Mini Legion Rock Golem PBR HP Polyart/Textures/HP_Golem.png
  artifactKey: Guid(c3b7a6b86247cb444ad8371d3c086086) Importer(815301076,1909f56bfc062723c751e8b465ee728b)
Start importing Assets/Mini Legion Rock Golem PBR HP Polyart/Textures/HP_Golem.png using Guid(c3b7a6b86247cb444ad8371d3c086086) Importer(815301076,1909f56bfc062723c751e8b465ee728b)  -> (artifact id: '9f3bcaeaef173b2d22d8bbca79a93b03') in 0.024871 seconds
Number of updated asset objects reloaded before import = 0
Number of asset objects unloaded after import = 1
========================================================================
Received Import Request.
  Time since last request: 0.910164 seconds.
  path: Assets/Mini Legion Rock Golem PBR HP Polyart/Textures/PolyartStandard.png
  artifactKey: Guid(15b0ee25e3ee5d6479de36fa2862d895) Importer(815301076,1909f56bfc062723c751e8b465ee728b)
Start importing Assets/Mini Legion Rock Golem PBR HP Polyart/Textures/PolyartStandard.png using Guid(15b0ee25e3ee5d6479de36fa2862d895) Importer(815301076,1909f56bfc062723c751e8b465ee728b)  -> (artifact id: '02373c5328e4a85531e0446cb6ec8100') in 0.002176 seconds
Number of updated asset objects reloaded before import = 0
Number of asset objects unloaded after import = 1
========================================================================
Received Import Request.
  Time since last request: 6.008757 seconds.
  path: Assets/Mini Legion Rock Golem PBR HP Polyart/Textures/NormalGolem.png
  artifactKey: Guid(d44803ef50e988443a59950806d14a51) Importer(815301076,1909f56bfc062723c751e8b465ee728b)
Start importing Assets/Mini Legion Rock Golem PBR HP Polyart/Textures/NormalGolem.png using Guid(d44803ef50e988443a59950806d14a51) Importer(815301076,1909f56bfc062723c751e8b465ee728b)  -> (artifact id: 'b9cbd932a701cf552e03c387b4c5cd5e') in 0.005206 seconds
Number of updated asset objects reloaded before import = 0
Number of asset objects unloaded after import = 1
========================================================================
Received Import Request.
  Time since last request: 8.014074 seconds.
  path: Assets/Mini Legion Rock Golem PBR HP Polyart/Textures/MRGolem.png
  artifactKey: Guid(356014505e5532341b63295eeada6023) Importer(815301076,1909f56bfc062723c751e8b465ee728b)
Start importing Assets/Mini Legion Rock Golem PBR HP Polyart/Textures/MRGolem.png using Guid(356014505e5532341b63295eeada6023) Importer(815301076,1909f56bfc062723c751e8b465ee728b)  -> (artifact id: 'c1b74fec9e1cffd325ee337b7936714f') in 0.003421 seconds
Number of updated asset objects reloaded before import = 0
Number of asset objects unloaded after import = 1
========================================================================
Received Import Request.
  Time since last request: 47.539068 seconds.
  path: Assets/ABKaspo Games Assets/Demos/Dataterrain
  artifactKey: Guid(1eab563980fe0e94e86a56ed067ff26c) Importer(815301076,1909f56bfc062723c751e8b465ee728b)
Start importing Assets/ABKaspo Games Assets/Demos/Dataterrain using Guid(1eab563980fe0e94e86a56ed067ff26c) Importer(815301076,1909f56bfc062723c751e8b465ee728b)  -> (artifact id: '0d3c8ba6688c8a0282cf6d49b3cc4e54') in 0.000584 seconds
Number of updated asset objects reloaded before import = 0
Number of asset objects unloaded after import = 0
========================================================================
Received Import Request.
  Time since last request: 1.390368 seconds.
  path: Assets/ABKaspo Games Assets/Demos/Dataterrain/Layers
  artifactKey: Guid(ce2f4e62c495b9b42a5348da725a5378) Importer(815301076,1909f56bfc062723c751e8b465ee728b)
Start importing Assets/ABKaspo Games Assets/Demos/Dataterrain/Layers using Guid(ce2f4e62c495b9b42a5348da725a5378) Importer(815301076,1909f56bfc062723c751e8b465ee728b)  -> (artifact id: '85661892a4538eab4131fa014cce6267') in 0.000556 seconds
Number of updated asset objects reloaded before import = 0
Number of asset objects unloaded after import = 0
========================================================================
Received Import Request.
  Time since last request: 7.286158 seconds.
  path: Assets/ABKaspo Games Assets/Demos/Dataterrain/Layers/Textures
  artifactKey: Guid(90cc65d6398b72640a435a7b630518f2) Importer(815301076,1909f56bfc062723c751e8b465ee728b)
Start importing Assets/ABKaspo Games Assets/Demos/Dataterrain/Layers/Textures using Guid(90cc65d6398b72640a435a7b630518f2) Importer(815301076,1909f56bfc062723c751e8b465ee728b)  -> (artifact id: 'dd0fd8585eb515ebaf3a0501d73c6ec8') in 0.000502 seconds
Number of updated asset objects reloaded before import = 0
Number of asset objects unloaded after import = 0
========================================================================
Received Import Request.
  Time since last request: 5.980977 seconds.
  path: Assets/ABKaspo Games Assets/Demos/Dataterrain/Layers/Textures/Grass01
  artifactKey: Guid(edc36bfdf0df8e24bb44ea819fb07530) Importer(815301076,1909f56bfc062723c751e8b465ee728b)
Start importing Assets/ABKaspo Games Assets/Demos/Dataterrain/Layers/Textures/Grass01 using Guid(edc36bfdf0df8e24bb44ea819fb07530) Importer(815301076,1909f56bfc062723c751e8b465ee728b)  -> (artifact id: '9ba3765d9caf6d45b171d274d30d199f') in 0.000510 seconds
Number of updated asset objects reloaded before import = 0
Number of asset objects unloaded after import = 0
========================================================================
Received Import Request.
  Time since last request: 1.044526 seconds.
  path: Assets/ABKaspo Games Assets/Demos/Dataterrain/Layers/Textures/Grass01/grass_02_maskmap.png
  artifactKey: Guid(ba2dd3eadecc05348b2371c35a5fef36) Importer(815301076,1909f56bfc062723c751e8b465ee728b)
Start importing Assets/ABKaspo Games Assets/Demos/Dataterrain/Layers/Textures/Grass01/grass_02_maskmap.png using Guid(ba2dd3eadecc05348b2371c35a5fef36) Importer(815301076,1909f56bfc062723c751e8b465ee728b)  -> (artifact id: '2757eb6e7fda93020fd2ecb0cf4318c4') in 0.004100 seconds
Number of updated asset objects reloaded before import = 0
Number of asset objects unloaded after import = 1
========================================================================
Received Import Request.
  Time since last request: 37.850538 seconds.
  path: Assets/2D Fantasy sprite bundle/Forest sprite pack
  artifactKey: Guid(f259fecb844a91b499b41a60a6dc3b35) Importer(815301076,1909f56bfc062723c751e8b465ee728b)
Start importing Assets/2D Fantasy sprite bundle/Forest sprite pack using Guid(f259fecb844a91b499b41a60a6dc3b35) Importer(815301076,1909f56bfc062723c751e8b465ee728b)  -> (artifact id: '1d1aa3cec6ab2f13cca05a7dc12c456e') in 0.000567 seconds
Number of updated asset objects reloaded before import = 0
Number of asset objects unloaded after import = 0
========================================================================
Received Import Request.
  Time since last request: 26.709854 seconds.
  path: Assets/2D Fantasy sprite bundle/Forest sprite pack/Sprites
  artifactKey: Guid(f353586ac3356f64eaec83d9e1c61506) Importer(815301076,1909f56bfc062723c751e8b465ee728b)
Start importing Assets/2D Fantasy sprite bundle/Forest sprite pack/Sprites using Guid(f353586ac3356f64eaec83d9e1c61506) Importer(815301076,1909f56bfc062723c751e8b465ee728b)  -> (artifact id: '5210f406460bd89eab97e4dd35b25155') in 0.000536 seconds
Number of updated asset objects reloaded before import = 0
Number of asset objects unloaded after import = 0
